#
# There is insufficient memory for the Java Runtime Environment to continue.
# Native memory allocation (mmap) failed to map 65536 bytes for Failed to commit metaspace.
# Possible reasons:
#   The system is out of physical RAM or swap space
#   The process is running with CompressedOops enabled, and the Java Heap may be blocking the growth of the native heap
# Possible solutions:
#   Reduce memory load on the system
#   Increase physical memory or swap space
#   Check if swap backing store is full
#   Decrease Java heap size (-Xmx/-Xms)
#   Decrease number of Java threads
#   Decrease Java thread stack sizes (-Xss)
#   Set larger code cache with -XX:ReservedCodeCacheSize=
#   JVM is running with Unscaled Compressed Oops mode in which the Java heap is
#     placed in the first 4GB address space. The Java Heap base address is the
#     maximum limit for the native heap growth. Please use -XX:HeapBaseMinAddress
#     to set the Java Heap base and to place the Java Heap above 4GB virtual address.
# This output file may be truncated or incomplete.
#
#  Out of Memory Error (virtualSpaceNode.cpp:110), pid=4248, tid=2108
#
# JRE version: Java(TM) SE Runtime Environment (18.0.2.1+1) (build 18.0.2.1+1-1)
# Java VM: Java HotSpot(TM) 64-Bit Server VM (18.0.2.1+1-1, mixed mode, tiered, compressed oops, compressed class ptrs, g1 gc, windows-amd64)
# No core dump will be written. Minidumps are not enabled by default on client versions of Windows
#

---------------  S U M M A R Y ------------

Command Line: C:\Users\visha\AppData\Local\Temp\surefire15825449914916859774\surefirebooter1088047318633120983.jar C:\Users\visha\AppData\Local\Temp\surefire15825449914916859774 2022-11-01T14-45-20_552-jvmRun1 surefire14854647489238417077tmp surefire_01931387897440509052tmp

Host: Intel(R) Core(TM) i3-7100U CPU @ 2.40GHz, 4 cores, 3G,  Windows 10 , 64 bit Build 19041 (10.0.19041.1889)
Time: Tue Nov  1 14:45:23 2022 India Standard Time elapsed time: 0.914826 seconds (0d 0h 0m 0s)

---------------  T H R E A D  ---------------

Current thread (0x000001f57079eaf0):  JavaThread "main" [_thread_in_vm, id=2108, stack(0x0000002f02500000,0x0000002f02600000)]

Stack: [0x0000002f02500000,0x0000002f02600000]
Native frames: (J=compiled Java code, j=interpreted, Vv=VM code, C=native code)
V  [jvm.dll+0x6993aa]
V  [jvm.dll+0x7f46dd]
V  [jvm.dll+0x7f5fee]
V  [jvm.dll+0x7f66a3]
V  [jvm.dll+0x25cf1f]
V  [jvm.dll+0x7f03eb]
V  [jvm.dll+0x63f526]
V  [jvm.dll+0x1d75ce]
V  [jvm.dll+0x641ecb]
V  [jvm.dll+0x641cce]
V  [jvm.dll+0x63feee]
V  [jvm.dll+0x38e1f2]
V  [jvm.dll+0x1fa60b]
V  [jvm.dll+0x55dc2e]
V  [jvm.dll+0x76e943]
V  [jvm.dll+0x76ea24]
V  [jvm.dll+0x42d7b4]
V  [jvm.dll+0x4334bf]
C  [java.dll+0x17ec]

Java frames: (J=compiled Java code, j=interpreted, Vv=VM code)
j  java.lang.ClassLoader.defineClass1(Ljava/lang/ClassLoader;Ljava/lang/String;[BIILjava/security/ProtectionDomain;Ljava/lang/String;)Ljava/lang/Class;+0 java.base@18.0.2.1
j  java.lang.ClassLoader.defineClass(Ljava/lang/String;[BIILjava/security/ProtectionDomain;)Ljava/lang/Class;+27 java.base@18.0.2.1
j  java.security.SecureClassLoader.defineClass(Ljava/lang/String;[BIILjava/security/CodeSource;)Ljava/lang/Class;+12 java.base@18.0.2.1
j  jdk.internal.loader.BuiltinClassLoader.defineClass(Ljava/lang/String;Ljdk/internal/loader/Resource;)Ljava/lang/Class;+117 java.base@18.0.2.1
j  jdk.internal.loader.BuiltinClassLoader.findClassOnClassPathOrNull(Ljava/lang/String;)Ljava/lang/Class;+37 java.base@18.0.2.1
j  jdk.internal.loader.BuiltinClassLoader.loadClassOrNull(Ljava/lang/String;Z)Ljava/lang/Class;+111 java.base@18.0.2.1
j  jdk.internal.loader.BuiltinClassLoader.loadClass(Ljava/lang/String;Z)Ljava/lang/Class;+3 java.base@18.0.2.1
j  jdk.internal.loader.ClassLoaders$AppClassLoader.loadClass(Ljava/lang/String;Z)Ljava/lang/Class;+36 java.base@18.0.2.1
j  java.lang.ClassLoader.loadClass(Ljava/lang/String;)Ljava/lang/Class;+3 java.base@18.0.2.1
v  ~StubRoutines::call_stub
j  java.lang.Class.forName0(Ljava/lang/String;ZLjava/lang/ClassLoader;Ljava/lang/Class;)Ljava/lang/Class;+0 java.base@18.0.2.1
j  java.lang.Class.forName(Ljava/lang/String;ZLjava/lang/ClassLoader;Ljava/lang/Class;)Ljava/lang/Class;+37 java.base@18.0.2.1
j  java.lang.Class.forName(Ljava/lang/String;ZLjava/lang/ClassLoader;)Ljava/lang/Class;+20 java.base@18.0.2.1
j  sun.launcher.LauncherHelper.loadMainClass(ILjava/lang/String;)Ljava/lang/Class;+95 java.base@18.0.2.1
j  sun.launcher.LauncherHelper.checkAndLoadMain(ZILjava/lang/String;)Ljava/lang/Class;+42 java.base@18.0.2.1
v  ~StubRoutines::call_stub

---------------  P R O C E S S  ---------------

Threads class SMR info:
_java_thread_list=0x000001f50f195740, length=12, elements={
0x000001f57079eaf0, 0x000001f50f15c290, 0x000001f50f15cef0, 0x000001f50f198300,
0x000001f50f199cb0, 0x000001f50f19a650, 0x000001f50f19aff0, 0x000001f50f19bcc0,
0x000001f50f19d6b0, 0x000001f513418a70, 0x000001f513519a00, 0x000001f513536010
}

Java Threads: ( => current thread )
=>0x000001f57079eaf0 JavaThread "main" [_thread_in_vm, id=2108, stack(0x0000002f02500000,0x0000002f02600000)]
  0x000001f50f15c290 JavaThread "Reference Handler" daemon [_thread_blocked, id=16360, stack(0x0000002f02c00000,0x0000002f02d00000)]
  0x000001f50f15cef0 JavaThread "Finalizer" daemon [_thread_blocked, id=9584, stack(0x0000002f02d00000,0x0000002f02e00000)]
  0x000001f50f198300 JavaThread "Signal Dispatcher" daemon [_thread_blocked, id=13652, stack(0x0000002f02e00000,0x0000002f02f00000)]
  0x000001f50f199cb0 JavaThread "Attach Listener" daemon [_thread_blocked, id=11868, stack(0x0000002f02f00000,0x0000002f03000000)]
  0x000001f50f19a650 JavaThread "Service Thread" daemon [_thread_blocked, id=8804, stack(0x0000002f03000000,0x0000002f03100000)]
  0x000001f50f19aff0 JavaThread "Monitor Deflation Thread" daemon [_thread_blocked, id=9280, stack(0x0000002f03100000,0x0000002f03200000)]
  0x000001f50f19bcc0 JavaThread "C2 CompilerThread0" daemon [_thread_blocked, id=6444, stack(0x0000002f03200000,0x0000002f03300000)]
  0x000001f50f19d6b0 JavaThread "C1 CompilerThread0" daemon [_thread_blocked, id=3448, stack(0x0000002f03300000,0x0000002f03400000)]
  0x000001f513418a70 JavaThread "Sweeper thread" daemon [_thread_blocked, id=10112, stack(0x0000002f03400000,0x0000002f03500000)]
  0x000001f513519a00 JavaThread "Notification Thread" daemon [_thread_blocked, id=7824, stack(0x0000002f03500000,0x0000002f03600000)]
  0x000001f513536010 JavaThread "Common-Cleaner" daemon [_thread_blocked, id=13148, stack(0x0000002f03700000,0x0000002f03800000)]

Other Threads:
  0x000001f50f0f0450 VMThread "VM Thread" [stack: 0x0000002f02b00000,0x0000002f02c00000] [id=10028]
  0x000001f51351fee0 WatcherThread "VM Periodic Task Thread" [stack: 0x0000002f03600000,0x0000002f03700000] [id=16496]
  0x000001f5707df6b0 WorkerThread "GC Thread#0" [stack: 0x0000002f02600000,0x0000002f02700000] [id=6920]
  0x000001f5707e8320 ConcurrentGCThread "G1 Main Marker" [stack: 0x0000002f02700000,0x0000002f02800000] [id=10980]
  0x000001f5707e9d20 WorkerThread "G1 Conc#0" [stack: 0x0000002f02800000,0x0000002f02900000] [id=11776]
  0x000001f5708123b0 ConcurrentGCThread "G1 Refine#0" [stack: 0x0000002f02900000,0x0000002f02a00000] [id=12164]
  0x000001f570813cd0 ConcurrentGCThread "G1 Service" [stack: 0x0000002f02a00000,0x0000002f02b00000] [id=11924]

Threads with active compile tasks:

VM state: not at safepoint (normal execution)

VM Mutex/Monitor currently owned by a thread:  ([mutex/lock_event])
[0x000001f5707991b0] Metaspace_lock - owner thread: 0x000001f57079eaf0

Heap address: 0x00000000c1600000, size: 1002 MB, Compressed Oops mode: 32-bit

CDS archive(s) not mapped
Compressed class space mapped at: 0x0000000100000000-0x0000000140000000, reserved size: 1073741824
Narrow klass base: 0x0000000000000000, Narrow klass shift: 3, Narrow klass range: 0x140000000

GC Precious Log:
 CardTable entry size: 512
 Card Set container configuration: InlinePtr #cards 5 size 8 Array Of Cards #cards 12 size 40 Howl #buckets 4 coarsen threshold 1843 Howl Bitmap #cards 512 size 80 coarsen threshold 460 Card regions per heap region 1 cards per card region 2048
 CPUs: 4 total, 4 available
 Memory: 4007M
 Large Page Support: Disabled
 NUMA Support: Disabled
 Compressed Oops: Enabled (32-bit)
 Heap Region Size: 1M
 Heap Min Capacity: 8M
 Heap Initial Capacity: 64M
 Heap Max Capacity: 1002M
 Pre-touch: Disabled
 Parallel Workers: 4
 Concurrent Workers: 1
 Concurrent Refinement Workers: 4
 Periodic GC: Disabled

Heap:
 garbage-first heap   total 65536K, used 1024K [0x00000000c1600000, 0x0000000100000000)
  region size 1024K, 2 young (2048K), 0 survivors (0K)
 Metaspace       used 4722K, committed 4864K, reserved 1114112K
  class space    used 385K, committed 448K, reserved 1048576K

Heap Regions: E=young(eden), S=young(survivor), O=old, HS=humongous(starts), HC=humongous(continues), CS=collection set, F=free, OA=open archive, CA=closed archive, TAMS=top-at-mark-start (previous, next)
|   0|0x00000000c1600000, 0x00000000c1600000, 0x00000000c1700000|  0%| F|  |TAMS 0x00000000c1600000, 0x00000000c1600000| Untracked 
|   1|0x00000000c1700000, 0x00000000c1700000, 0x00000000c1800000|  0%| F|  |TAMS 0x00000000c1700000, 0x00000000c1700000| Untracked 
|   2|0x00000000c1800000, 0x00000000c1800000, 0x00000000c1900000|  0%| F|  |TAMS 0x00000000c1800000, 0x00000000c1800000| Untracked 
|   3|0x00000000c1900000, 0x00000000c1900000, 0x00000000c1a00000|  0%| F|  |TAMS 0x00000000c1900000, 0x00000000c1900000| Untracked 
|   4|0x00000000c1a00000, 0x00000000c1a00000, 0x00000000c1b00000|  0%| F|  |TAMS 0x00000000c1a00000, 0x00000000c1a00000| Untracked 
|   5|0x00000000c1b00000, 0x00000000c1b00000, 0x00000000c1c00000|  0%| F|  |TAMS 0x00000000c1b00000, 0x00000000c1b00000| Untracked 
|   6|0x00000000c1c00000, 0x00000000c1c00000, 0x00000000c1d00000|  0%| F|  |TAMS 0x00000000c1c00000, 0x00000000c1c00000| Untracked 
|   7|0x00000000c1d00000, 0x00000000c1d00000, 0x00000000c1e00000|  0%| F|  |TAMS 0x00000000c1d00000, 0x00000000c1d00000| Untracked 
|   8|0x00000000c1e00000, 0x00000000c1e00000, 0x00000000c1f00000|  0%| F|  |TAMS 0x00000000c1e00000, 0x00000000c1e00000| Untracked 
|   9|0x00000000c1f00000, 0x00000000c1f00000, 0x00000000c2000000|  0%| F|  |TAMS 0x00000000c1f00000, 0x00000000c1f00000| Untracked 
|  10|0x00000000c2000000, 0x00000000c2000000, 0x00000000c2100000|  0%| F|  |TAMS 0x00000000c2000000, 0x00000000c2000000| Untracked 
|  11|0x00000000c2100000, 0x00000000c2100000, 0x00000000c2200000|  0%| F|  |TAMS 0x00000000c2100000, 0x00000000c2100000| Untracked 
|  12|0x00000000c2200000, 0x00000000c2200000, 0x00000000c2300000|  0%| F|  |TAMS 0x00000000c2200000, 0x00000000c2200000| Untracked 
|  13|0x00000000c2300000, 0x00000000c2300000, 0x00000000c2400000|  0%| F|  |TAMS 0x00000000c2300000, 0x00000000c2300000| Untracked 
|  14|0x00000000c2400000, 0x00000000c2400000, 0x00000000c2500000|  0%| F|  |TAMS 0x00000000c2400000, 0x00000000c2400000| Untracked 
|  15|0x00000000c2500000, 0x00000000c2500000, 0x00000000c2600000|  0%| F|  |TAMS 0x00000000c2500000, 0x00000000c2500000| Untracked 
|  16|0x00000000c2600000, 0x00000000c2600000, 0x00000000c2700000|  0%| F|  |TAMS 0x00000000c2600000, 0x00000000c2600000| Untracked 
|  17|0x00000000c2700000, 0x00000000c2700000, 0x00000000c2800000|  0%| F|  |TAMS 0x00000000c2700000, 0x00000000c2700000| Untracked 
|  18|0x00000000c2800000, 0x00000000c2800000, 0x00000000c2900000|  0%| F|  |TAMS 0x00000000c2800000, 0x00000000c2800000| Untracked 
|  19|0x00000000c2900000, 0x00000000c2900000, 0x00000000c2a00000|  0%| F|  |TAMS 0x00000000c2900000, 0x00000000c2900000| Untracked 
|  20|0x00000000c2a00000, 0x00000000c2a00000, 0x00000000c2b00000|  0%| F|  |TAMS 0x00000000c2a00000, 0x00000000c2a00000| Untracked 
|  21|0x00000000c2b00000, 0x00000000c2b00000, 0x00000000c2c00000|  0%| F|  |TAMS 0x00000000c2b00000, 0x00000000c2b00000| Untracked 
|  22|0x00000000c2c00000, 0x00000000c2c00000, 0x00000000c2d00000|  0%| F|  |TAMS 0x00000000c2c00000, 0x00000000c2c00000| Untracked 
|  23|0x00000000c2d00000, 0x00000000c2d00000, 0x00000000c2e00000|  0%| F|  |TAMS 0x00000000c2d00000, 0x00000000c2d00000| Untracked 
|  24|0x00000000c2e00000, 0x00000000c2e00000, 0x00000000c2f00000|  0%| F|  |TAMS 0x00000000c2e00000, 0x00000000c2e00000| Untracked 
|  25|0x00000000c2f00000, 0x00000000c2f00000, 0x00000000c3000000|  0%| F|  |TAMS 0x00000000c2f00000, 0x00000000c2f00000| Untracked 
|  26|0x00000000c3000000, 0x00000000c3000000, 0x00000000c3100000|  0%| F|  |TAMS 0x00000000c3000000, 0x00000000c3000000| Untracked 
|  27|0x00000000c3100000, 0x00000000c3100000, 0x00000000c3200000|  0%| F|  |TAMS 0x00000000c3100000, 0x00000000c3100000| Untracked 
|  28|0x00000000c3200000, 0x00000000c3200000, 0x00000000c3300000|  0%| F|  |TAMS 0x00000000c3200000, 0x00000000c3200000| Untracked 
|  29|0x00000000c3300000, 0x00000000c3300000, 0x00000000c3400000|  0%| F|  |TAMS 0x00000000c3300000, 0x00000000c3300000| Untracked 
|  30|0x00000000c3400000, 0x00000000c3400000, 0x00000000c3500000|  0%| F|  |TAMS 0x00000000c3400000, 0x00000000c3400000| Untracked 
|  31|0x00000000c3500000, 0x00000000c3500000, 0x00000000c3600000|  0%| F|  |TAMS 0x00000000c3500000, 0x00000000c3500000| Untracked 
|  32|0x00000000c3600000, 0x00000000c3600000, 0x00000000c3700000|  0%| F|  |TAMS 0x00000000c3600000, 0x00000000c3600000| Untracked 
|  33|0x00000000c3700000, 0x00000000c3700000, 0x00000000c3800000|  0%| F|  |TAMS 0x00000000c3700000, 0x00000000c3700000| Untracked 
|  34|0x00000000c3800000, 0x00000000c3800000, 0x00000000c3900000|  0%| F|  |TAMS 0x00000000c3800000, 0x00000000c3800000| Untracked 
|  35|0x00000000c3900000, 0x00000000c3900000, 0x00000000c3a00000|  0%| F|  |TAMS 0x00000000c3900000, 0x00000000c3900000| Untracked 
|  36|0x00000000c3a00000, 0x00000000c3a00000, 0x00000000c3b00000|  0%| F|  |TAMS 0x00000000c3a00000, 0x00000000c3a00000| Untracked 
|  37|0x00000000c3b00000, 0x00000000c3b00000, 0x00000000c3c00000|  0%| F|  |TAMS 0x00000000c3b00000, 0x00000000c3b00000| Untracked 
|  38|0x00000000c3c00000, 0x00000000c3c00000, 0x00000000c3d00000|  0%| F|  |TAMS 0x00000000c3c00000, 0x00000000c3c00000| Untracked 
|  39|0x00000000c3d00000, 0x00000000c3d00000, 0x00000000c3e00000|  0%| F|  |TAMS 0x00000000c3d00000, 0x00000000c3d00000| Untracked 
|  40|0x00000000c3e00000, 0x00000000c3e00000, 0x00000000c3f00000|  0%| F|  |TAMS 0x00000000c3e00000, 0x00000000c3e00000| Untracked 
|  41|0x00000000c3f00000, 0x00000000c3f00000, 0x00000000c4000000|  0%| F|  |TAMS 0x00000000c3f00000, 0x00000000c3f00000| Untracked 
|  42|0x00000000c4000000, 0x00000000c4000000, 0x00000000c4100000|  0%| F|  |TAMS 0x00000000c4000000, 0x00000000c4000000| Untracked 
|  43|0x00000000c4100000, 0x00000000c4100000, 0x00000000c4200000|  0%| F|  |TAMS 0x00000000c4100000, 0x00000000c4100000| Untracked 
|  44|0x00000000c4200000, 0x00000000c4200000, 0x00000000c4300000|  0%| F|  |TAMS 0x00000000c4200000, 0x00000000c4200000| Untracked 
|  45|0x00000000c4300000, 0x00000000c4300000, 0x00000000c4400000|  0%| F|  |TAMS 0x00000000c4300000, 0x00000000c4300000| Untracked 
|  46|0x00000000c4400000, 0x00000000c4400000, 0x00000000c4500000|  0%| F|  |TAMS 0x00000000c4400000, 0x00000000c4400000| Untracked 
|  47|0x00000000c4500000, 0x00000000c4500000, 0x00000000c4600000|  0%| F|  |TAMS 0x00000000c4500000, 0x00000000c4500000| Untracked 
|  48|0x00000000c4600000, 0x00000000c4600000, 0x00000000c4700000|  0%| F|  |TAMS 0x00000000c4600000, 0x00000000c4600000| Untracked 
|  49|0x00000000c4700000, 0x00000000c4700000, 0x00000000c4800000|  0%| F|  |TAMS 0x00000000c4700000, 0x00000000c4700000| Untracked 
|  50|0x00000000c4800000, 0x00000000c4800000, 0x00000000c4900000|  0%| F|  |TAMS 0x00000000c4800000, 0x00000000c4800000| Untracked 
|  51|0x00000000c4900000, 0x00000000c4900000, 0x00000000c4a00000|  0%| F|  |TAMS 0x00000000c4900000, 0x00000000c4900000| Untracked 
|  52|0x00000000c4a00000, 0x00000000c4a00000, 0x00000000c4b00000|  0%| F|  |TAMS 0x00000000c4a00000, 0x00000000c4a00000| Untracked 
|  53|0x00000000c4b00000, 0x00000000c4b00000, 0x00000000c4c00000|  0%| F|  |TAMS 0x00000000c4b00000, 0x00000000c4b00000| Untracked 
|  54|0x00000000c4c00000, 0x00000000c4c00000, 0x00000000c4d00000|  0%| F|  |TAMS 0x00000000c4c00000, 0x00000000c4c00000| Untracked 
|  55|0x00000000c4d00000, 0x00000000c4d00000, 0x00000000c4e00000|  0%| F|  |TAMS 0x00000000c4d00000, 0x00000000c4d00000| Untracked 
|  56|0x00000000c4e00000, 0x00000000c4e00000, 0x00000000c4f00000|  0%| F|  |TAMS 0x00000000c4e00000, 0x00000000c4e00000| Untracked 
|  57|0x00000000c4f00000, 0x00000000c4f00000, 0x00000000c5000000|  0%| F|  |TAMS 0x00000000c4f00000, 0x00000000c4f00000| Untracked 
|  58|0x00000000c5000000, 0x00000000c5000000, 0x00000000c5100000|  0%| F|  |TAMS 0x00000000c5000000, 0x00000000c5000000| Untracked 
|  59|0x00000000c5100000, 0x00000000c5100000, 0x00000000c5200000|  0%| F|  |TAMS 0x00000000c5100000, 0x00000000c5100000| Untracked 
|  60|0x00000000c5200000, 0x00000000c5200000, 0x00000000c5300000|  0%| F|  |TAMS 0x00000000c5200000, 0x00000000c5200000| Untracked 
|  61|0x00000000c5300000, 0x00000000c5300000, 0x00000000c5400000|  0%| F|  |TAMS 0x00000000c5300000, 0x00000000c5300000| Untracked 
|  62|0x00000000c5400000, 0x00000000c5488678, 0x00000000c5500000| 53%| E|  |TAMS 0x00000000c5400000, 0x00000000c5400000| Complete 
|  63|0x00000000c5500000, 0x00000000c5600000, 0x00000000c5600000|100%| E|CS|TAMS 0x00000000c5500000, 0x00000000c5500000| Complete 

Card table byte_map: [0x000001f57a0d0000,0x000001f57a2d0000] _byte_map_base: 0x000001f579ac5000

Marking Bits (Prev, Next): (CMBitMap*) 0x000001f5707dfcb0, (CMBitMap*) 0x000001f5707dfcf0
 Prev Bits: [0x000001f57a4d0000, 0x000001f57b478000)
 Next Bits: [0x000001f57b480000, 0x000001f57c428000)

Polling page: 0x000001f5705e0000

Metaspace:

Usage:
  Non-class:      4.24 MB used.
      Class:    385.03 KB used.
       Both:      4.61 MB used.

Virtual space:
  Non-class space:       64.00 MB reserved,       4.31 MB (  7%) committed,  1 nodes.
      Class space:        1.00 GB reserved,     448.00 KB ( <1%) committed,  1 nodes.
             Both:        1.06 GB reserved,       4.75 MB ( <1%) committed. 

Chunk freelists:
   Non-Class:  2.98 MB
       Class:  3.56 MB
        Both:  6.54 MB

MaxMetaspaceSize: unlimited
CompressedClassSpaceSize: 1.00 GB
Initial GC threshold: 21.00 MB
Current GC threshold: 21.00 MB
CDS: off
MetaspaceReclaimPolicy: balanced
 - commit_granule_bytes: 65536.
 - commit_granule_words: 8192.
 - virtual_space_node_default_size: 8388608.
 - enlarge_chunks_in_place: 1.
 - new_chunks_are_fully_committed: 0.
 - uncommit_free_chunks: 1.
 - use_allocation_guard: 0.


Internal statistics:

num_allocs_failed_limit: 0.
num_arena_births: 4.
num_arena_deaths: 0.
num_vsnodes_births: 2.
num_vsnodes_deaths: 0.
num_space_committed: 76.
num_space_uncommitted: 0.
num_chunks_returned_to_freelist: 0.
num_chunks_taken_from_freelist: 8.
num_chunk_merges: 0.
num_chunk_splits: 4.
num_chunks_enlarged: 2.
num_inconsistent_stats: 0.

CodeHeap 'non-profiled nmethods': size=120000Kb used=17Kb max_used=17Kb free=119982Kb
 bounds [0x000001f507ad0000, 0x000001f507d40000, 0x000001f50f000000]
CodeHeap 'profiled nmethods': size=120000Kb used=160Kb max_used=160Kb free=119839Kb
 bounds [0x000001f5005a0000, 0x000001f500810000, 0x000001f507ad0000]
CodeHeap 'non-nmethods': size=5760Kb used=1067Kb max_used=1079Kb free=4692Kb
 bounds [0x000001f500000000, 0x000001f500270000, 0x000001f5005a0000]
 total_blobs=431 nmethods=111 adapters=233
 compilation: enabled
              stopped_count=0, restarted_count=0
 full_count=0

Compilation events (20 events):
Event: 0.889 Thread 0x000001f50f19d6b0  102       3       java.lang.String::substring (58 bytes)
Event: 0.889 Thread 0x000001f50f19d6b0 nmethod 102 0x000001f5005c3190 code [0x000001f5005c33a0, 0x000001f5005c39c8]
Event: 0.890 Thread 0x000001f50f19d6b0  104       3       java.lang.StringLatin1::newString (24 bytes)
Event: 0.890 Thread 0x000001f50f19d6b0 nmethod 104 0x000001f5005c3c10 code [0x000001f5005c3de0, 0x000001f5005c4108]
Event: 0.890 Thread 0x000001f50f19d6b0  103       3       java.lang.String::equalsIgnoreCase (45 bytes)
Event: 0.891 Thread 0x000001f50f19d6b0 nmethod 103 0x000001f5005c4210 code [0x000001f5005c4400, 0x000001f5005c4968]
Event: 0.891 Thread 0x000001f50f19d6b0  105       3       java.lang.StringLatin1::replace (198 bytes)
Event: 0.892 Thread 0x000001f50f19d6b0 nmethod 105 0x000001f5005c4b90 code [0x000001f5005c4e20, 0x000001f5005c5b68]
Event: 0.892 Thread 0x000001f50f19d6b0  106       3       java.io.WinNTFileSystem::isSlash (18 bytes)
Event: 0.892 Thread 0x000001f50f19d6b0 nmethod 106 0x000001f5005c6010 code [0x000001f5005c61a0, 0x000001f5005c6338]
Event: 0.892 Thread 0x000001f50f19d6b0  107       3       java.lang.AbstractStringBuilder::append (77 bytes)
Event: 0.893 Thread 0x000001f50f19d6b0 nmethod 107 0x000001f5005c6410 code [0x000001f5005c6620, 0x000001f5005c6d18]
Event: 0.893 Thread 0x000001f50f19d6b0  108       3       sun.nio.fs.WindowsPathParser::isInvalidPathChar (22 bytes)
Event: 0.894 Thread 0x000001f50f19d6b0 nmethod 108 0x000001f5005c6f90 code [0x000001f5005c7160, 0x000001f5005c74a8]
Event: 0.894 Thread 0x000001f50f19d6b0  109       3       java.util.zip.ZipUtils::SH (21 bytes)
Event: 0.894 Thread 0x000001f50f19d6b0 nmethod 109 0x000001f5005c7610 code [0x000001f5005c77a0, 0x000001f5005c78f8]
Event: 0.895 Thread 0x000001f50f19d6b0  110       3       java.util.zip.ZipCoder$UTF8ZipCoder::checkedHash (91 bytes)
Event: 0.896 Thread 0x000001f50f19d6b0 nmethod 110 0x000001f5005c7a10 code [0x000001f5005c7c00, 0x000001f5005c8018]
Event: 0.896 Thread 0x000001f50f19d6b0  111       1       java.util.zip.ZipCoder$UTF8ZipCoder::isUTF8 (2 bytes)
Event: 0.896 Thread 0x000001f50f19d6b0 nmethod 111 0x000001f507ad4410 code [0x000001f507ad45a0, 0x000001f507ad4678]

GC Heap History (0 events):
No events

Deoptimization events (0 events):
No events

Classes loaded (20 events):
Event: 0.902 Loading class java/security/PermissionCollection done
Event: 0.902 Loading class sun/security/util/LazyCodeSourcePermissionCollection done
Event: 0.902 Loading class java/security/Permissions
Event: 0.903 Loading class java/security/Permissions done
Event: 0.903 Loading class java/lang/RuntimePermission
Event: 0.903 Loading class java/security/BasicPermission
Event: 0.903 Loading class java/security/Permission
Event: 0.904 Loading class java/security/Guard
Event: 0.904 Loading class java/security/Guard done
Event: 0.904 Loading class java/security/Permission done
Event: 0.904 Loading class java/security/BasicPermission done
Event: 0.904 Loading class java/lang/RuntimePermission done
Event: 0.904 Loading class java/security/BasicPermissionCollection
Event: 0.904 Loading class java/security/BasicPermissionCollection done
Event: 0.904 Loading class java/security/AllPermission
Event: 0.904 Loading class java/security/AllPermission done
Event: 0.904 Loading class java/security/UnresolvedPermission
Event: 0.905 Loading class java/security/UnresolvedPermission done
Event: 0.905 Loading class java/security/SecureClassLoader$DebugHolder
Event: 0.905 Loading class java/security/SecureClassLoader$DebugHolder done

Classes unloaded (0 events):
No events

Classes redefined (0 events):
No events

Internal exceptions (0 events):
No events

VM Operations (2 events):
Event: 0.845 Executing VM operation: HandshakeAllThreads
Event: 0.845 Executing VM operation: HandshakeAllThreads done

Events (17 events):
Event: 0.024 Loaded shared library C:\Program Files\Java\jdk-18.0.2.1\bin\java.dll
Event: 0.155 Loaded shared library C:\Program Files\Java\jdk-18.0.2.1\bin\jsvml.dll
Event: 0.157 Thread 0x000001f57079eaf0 Thread added: 0x000001f57079eaf0
Event: 0.234 Thread 0x000001f50f15c290 Thread added: 0x000001f50f15c290
Event: 0.235 Thread 0x000001f50f15cef0 Thread added: 0x000001f50f15cef0
Event: 0.414 Thread 0x000001f50f198300 Thread added: 0x000001f50f198300
Event: 0.414 Thread 0x000001f50f199cb0 Thread added: 0x000001f50f199cb0
Event: 0.414 Thread 0x000001f50f19a650 Thread added: 0x000001f50f19a650
Event: 0.414 Thread 0x000001f50f19aff0 Thread added: 0x000001f50f19aff0
Event: 0.415 Thread 0x000001f50f19bcc0 Thread added: 0x000001f50f19bcc0
Event: 0.430 Thread 0x000001f50f19d6b0 Thread added: 0x000001f50f19d6b0
Event: 0.454 Thread 0x000001f513418a70 Thread added: 0x000001f513418a70
Event: 0.705 Thread 0x000001f513519a00 Thread added: 0x000001f513519a00
Event: 0.744 Thread 0x000001f513536010 Thread added: 0x000001f513536010
Event: 0.798 Loaded shared library C:\Program Files\Java\jdk-18.0.2.1\bin\net.dll
Event: 0.805 Loaded shared library C:\Program Files\Java\jdk-18.0.2.1\bin\nio.dll
Event: 0.835 Loaded shared library C:\Program Files\Java\jdk-18.0.2.1\bin\zip.dll


Dynamic libraries:
0x00007ff6f48e0000 - 0x00007ff6f48f0000 	C:\Program Files\Java\jdk-18.0.2.1\bin\java.exe
0x00007ff8a2250000 - 0x00007ff8a2448000 	C:\Windows\SYSTEM32\ntdll.dll
0x00007ff8a11b0000 - 0x00007ff8a126d000 	C:\Windows\System32\KERNEL32.DLL
0x00007ff89fc10000 - 0x00007ff89fee2000 	C:\Windows\System32\KERNELBASE.dll
0x00007ff8a00c0000 - 0x00007ff8a01c0000 	C:\Windows\System32\ucrtbase.dll
0x00007ff898f50000 - 0x00007ff898f68000 	C:\Program Files\Java\jdk-18.0.2.1\bin\jli.dll
0x00007ff8a0aa0000 - 0x00007ff8a0b4e000 	C:\Windows\System32\ADVAPI32.dll
0x00007ff8a03e0000 - 0x00007ff8a047e000 	C:\Windows\System32\msvcrt.dll
0x00007ff8a1640000 - 0x00007ff8a16dc000 	C:\Windows\System32\sechost.dll
0x00007ff8a02b0000 - 0x00007ff8a03d5000 	C:\Windows\System32\RPCRT4.dll
0x00007ff8a1740000 - 0x00007ff8a18dd000 	C:\Windows\System32\USER32.dll
0x00007ff89fbe0000 - 0x00007ff89fc02000 	C:\Windows\System32\win32u.dll
0x00007ff8a0f50000 - 0x00007ff8a0f7b000 	C:\Windows\System32\GDI32.dll
0x00007ff89fef0000 - 0x00007ff89ffff000 	C:\Windows\System32\gdi32full.dll
0x00007ff8a0210000 - 0x00007ff8a02ad000 	C:\Windows\System32\msvcp_win.dll
0x00007ff898260000 - 0x00007ff89827a000 	C:\Program Files\Java\jdk-18.0.2.1\bin\VCRUNTIME140.dll
0x00007ff88e590000 - 0x00007ff88e82a000 	C:\Windows\WinSxS\amd64_microsoft.windows.common-controls_6595b64144ccf1df_6.0.19041.1110_none_60b5254171f9507e\COMCTL32.dll
0x00007ff896d80000 - 0x00007ff896d8a000 	C:\Windows\SYSTEM32\VERSION.dll
0x00007ff8a0a70000 - 0x00007ff8a0aa0000 	C:\Windows\System32\IMM32.DLL
0x00007ff898fa0000 - 0x00007ff898fac000 	C:\Program Files\Java\jdk-18.0.2.1\bin\vcruntime140_1.dll
0x00007ff88f660000 - 0x00007ff88f6ed000 	C:\Program Files\Java\jdk-18.0.2.1\bin\msvcp140.dll
0x00007ff84b9e0000 - 0x00007ff84c5f1000 	C:\Program Files\Java\jdk-18.0.2.1\bin\server\jvm.dll
0x00007ff8a20c0000 - 0x00007ff8a20c8000 	C:\Windows\System32\PSAPI.DLL
0x00007ff899210000 - 0x00007ff899219000 	C:\Windows\SYSTEM32\WSOCK32.dll
0x00007ff8a1270000 - 0x00007ff8a12db000 	C:\Windows\System32\WS2_32.dll
0x00007ff88b6a0000 - 0x00007ff88b6c7000 	C:\Windows\SYSTEM32\WINMM.dll
0x00007ff89e170000 - 0x00007ff89e182000 	C:\Windows\SYSTEM32\kernel.appcore.dll
0x00007ff898250000 - 0x00007ff89825a000 	C:\Program Files\Java\jdk-18.0.2.1\bin\jimage.dll
0x00007ff89d6e0000 - 0x00007ff89d8c4000 	C:\Windows\SYSTEM32\DBGHELP.DLL
0x00007ff887440000 - 0x00007ff88746c000 	C:\Windows\SYSTEM32\dbgcore.DLL
0x00007ff8a0000000 - 0x00007ff8a0082000 	C:\Windows\System32\bcryptPrimitives.dll
0x00007ff897480000 - 0x00007ff8974a5000 	C:\Program Files\Java\jdk-18.0.2.1\bin\java.dll
0x00007ff86f600000 - 0x00007ff86f6d6000 	C:\Program Files\Java\jdk-18.0.2.1\bin\jsvml.dll
0x00007ff8a18e0000 - 0x00007ff8a2023000 	C:\Windows\System32\SHELL32.dll
0x00007ff89d8d0000 - 0x00007ff89e061000 	C:\Windows\SYSTEM32\windows.storage.dll
0x00007ff8a12e0000 - 0x00007ff8a1634000 	C:\Windows\System32\combase.dll
0x00007ff89f2e0000 - 0x00007ff89f310000 	C:\Windows\SYSTEM32\Wldp.dll
0x00007ff8a2160000 - 0x00007ff8a220d000 	C:\Windows\System32\SHCORE.dll
0x00007ff8a2060000 - 0x00007ff8a20b5000 	C:\Windows\System32\shlwapi.dll
0x00007ff89f8a0000 - 0x00007ff89f8bf000 	C:\Windows\SYSTEM32\profapi.dll
0x00007ff897460000 - 0x00007ff897473000 	C:\Program Files\Java\jdk-18.0.2.1\bin\net.dll
0x00007ff88d210000 - 0x00007ff88d31d000 	C:\Windows\SYSTEM32\WINHTTP.dll
0x00007ff89f0c0000 - 0x00007ff89f12a000 	C:\Windows\system32\mswsock.dll
0x00007ff890e90000 - 0x00007ff890ea6000 	C:\Program Files\Java\jdk-18.0.2.1\bin\nio.dll
0x00007ff890220000 - 0x00007ff890238000 	C:\Program Files\Java\jdk-18.0.2.1\bin\zip.dll

dbghelp: loaded successfully - version: 4.0.5 - missing functions: none
symbol engine: initialized successfully - sym options: 0x614 - pdb path: .;C:\Program Files\Java\jdk-18.0.2.1\bin;C:\Windows\SYSTEM32;C:\Windows\WinSxS\amd64_microsoft.windows.common-controls_6595b64144ccf1df_6.0.19041.1110_none_60b5254171f9507e;C:\Program Files\Java\jdk-18.0.2.1\bin\server

VM Arguments:
java_command: C:\Users\visha\AppData\Local\Temp\surefire15825449914916859774\surefirebooter1088047318633120983.jar C:\Users\visha\AppData\Local\Temp\surefire15825449914916859774 2022-11-01T14-45-20_552-jvmRun1 surefire14854647489238417077tmp surefire_01931387897440509052tmp
java_class_path (initial): C:\Users\visha\AppData\Local\Temp\surefire15825449914916859774\surefirebooter1088047318633120983.jar
Launcher Type: SUN_STANDARD

[Global flags]
     intx CICompilerCount                          = 3                                         {product} {ergonomic}
     uint ConcGCThreads                            = 1                                         {product} {ergonomic}
     uint G1ConcRefinementThreads                  = 4                                         {product} {ergonomic}
   size_t G1HeapRegionSize                         = 1048576                                   {product} {ergonomic}
    uintx GCDrainStackTargetSize                   = 64                                        {product} {ergonomic}
   size_t InitialHeapSize                          = 67108864                                  {product} {ergonomic}
   size_t MarkStackSize                            = 4194304                                   {product} {ergonomic}
   size_t MaxHeapSize                              = 1050673152                                {product} {ergonomic}
   size_t MaxNewSize                               = 630194176                                 {product} {ergonomic}
   size_t MinHeapDeltaBytes                        = 1048576                                   {product} {ergonomic}
   size_t MinHeapSize                              = 8388608                                   {product} {ergonomic}
    uintx NonNMethodCodeHeapSize                   = 5832780                                {pd product} {ergonomic}
    uintx NonProfiledCodeHeapSize                  = 122912730                              {pd product} {ergonomic}
    uintx ProfiledCodeHeapSize                     = 122912730                              {pd product} {ergonomic}
    uintx ReservedCodeCacheSize                    = 251658240                              {pd product} {ergonomic}
     bool SegmentedCodeCache                       = true                                      {product} {ergonomic}
   size_t SoftMaxHeapSize                          = 1050673152                             {manageable} {ergonomic}
     bool UseCompressedClassPointers               = true                           {product lp64_product} {ergonomic}
     bool UseCompressedOops                        = true                           {product lp64_product} {ergonomic}
     bool UseG1GC                                  = true                                      {product} {ergonomic}
     bool UseLargePagesIndividualAllocation        = false                                  {pd product} {ergonomic}

Logging:
Log output configuration:
 #0: stdout all=warning uptime,level,tags foldmultilines=false
 #1: stderr all=off uptime,level,tags foldmultilines=false

Environment Variables:
JAVA_HOME=C:\Program Files\Amazon Corretto\jdk11.0.15_9
PATH=C:\Program Files\Common Files\Oracle\Java\javapath;C:\Program Files\Python310\Scripts\;C:\Program Files\Python310\;C:\Program Files\Amazon Corretto\jdk11.0.15_9\bin;C:\Windows\system32;C:\Windows;C:\Windows\System32\Wbem;C:\Windows\System32\WindowsPowerShell\v1.0\;C:\Windows\System32\OpenSSH\;C:\Program Files\dotnet\;C:\Program Files\Microsoft SQL Server\130\Tools\Binn\;C:\Program Files\Microsoft SQL Server\Client SDK\ODBC\170\Tools\Binn\;C:\Program Files (x86)\Microsoft SQL Server\150\Tools\Binn\;C:\Program Files\Microsoft SQL Server\150\Tools\Binn\;C:\Program Files\Microsoft SQL Server\150\DTS\Binn\;C:\Program Files (x86)\Microsoft SQL Server\150\DTS\Binn\;C:\Program Files\Azure Data Studio\bin;C:\Program Files\nodejs\;C:\Program Files\Git\cmd;C:\Program Files\Docker\Docker\resources\bin;C:\ProgramData\DockerDesktop\version-bin;C:\Users\visha\AppData\Local\Microsoft\WindowsApps;C:\Users\visha\.dotnet\tools;C:\Program Files\Azure Data Studio\bin;C:\Users\visha\AppData\Roaming\npm;C:\Users\visha\AppData\Local\Programs\Microsoft VS Code\bin
USERNAME=visha
OS=Windows_NT
PROCESSOR_IDENTIFIER=Intel64 Family 6 Model 142 Stepping 9, GenuineIntel



---------------  S Y S T E M  ---------------

OS:
 Windows 10 , 64 bit Build 19041 (10.0.19041.1889)
OS uptime: 3 days 2:27 hours
Hyper-V role detected

CPU: total 4 (initial active 4) (2 cores per cpu, 2 threads per core) family 6 model 142 stepping 9 microcode 0xde, cx8, cmov, fxsr, ht, mmx, 3dnowpref, sse, sse2, sse3, ssse3, sse4.1, sse4.2, popcnt, lzcnt, tsc, tscinvbit, avx, avx2, aes, erms, clmul, bmi1, bmi2, adx, fma, vzeroupper, clflush, clflushopt, hv

Memory: 4k page, system-wide physical 4007M (170M free)
TotalPageFile size 16295M (AvailPageFile size 19M)
current process WorkingSet (physical memory assigned to process): 27M, peak: 27M
current process commit charge ("private bytes"): 128M, peak: 129M

vm_info: Java HotSpot(TM) 64-Bit Server VM (18.0.2.1+1-1) for windows-amd64 JRE (18.0.2.1+1-1), built on Aug 16 2022 01:46:33 by "mach5one" with MS VC++ 16.8 / 16.9 (VS2019)

END.
